[2022-08-14 17:01:02.464] [exthost] [info] Extension host with pid 26729 started
[2022-08-14 17:01:02.464] [exthost] [info] Skipping acquiring lock for /home/adis/.config/VSCodium/User/workspaceStorage/7528d8c5f3b587f11e0ac474ebeadce7.
[2022-08-14 17:01:02.490] [exthost] [info] ExtensionService#_doActivateExtension vscode.debug-auto-launch, startup: true, activationEvent: '*'
[2022-08-14 17:01:02.492] [exthost] [info] ExtensionService#_doActivateExtension vscode.git-base, startup: true, activationEvent: '*'
[2022-08-14 17:01:02.493] [exthost] [info] ExtensionService#_doActivateExtension vscode.ipynb, startup: true, activationEvent: '*'
[2022-08-14 17:01:02.498] [exthost] [info] ExtensionService#_doActivateExtension vscode.github, startup: true, activationEvent: '*'
[2022-08-14 17:01:02.502] [exthost] [info] Eager extensions activated
[2022-08-14 17:01:02.505] [exthost] [info] ExtensionService#_doActivateExtension vscode.emmet, startup: false, activationEvent: 'onStartupFinished'
[2022-08-14 17:01:02.507] [exthost] [info] ExtensionService#_doActivateExtension vscode.merge-conflict, startup: false, activationEvent: 'onStartupFinished'
[2022-08-14 17:01:04.579] [exthost] [info] ExtensionService#_doActivateExtension vscode.git, startup: false, activationEvent: 'api', root cause: vscode.github
[2022-08-14 17:01:16.433] [exthost] [info] ExtensionService#_doActivateExtension lukas-tr.materialdesignicons-intellisense, startup: false, activationEvent: 'onStartupFinished'
[2022-08-14 17:01:19.455] [exthost] [info] ExtensionService#_doActivateExtension PKief.material-icon-theme, startup: false, activationEvent: 'onStartupFinished'
[2022-08-14 17:01:20.506] [exthost] [info] ExtensionService#_doActivateExtension vscode.configuration-editing, startup: false, activationEvent: 'onLanguage:jsonc'
[2022-08-14 17:01:20.510] [exthost] [info] ExtensionService#_doActivateExtension vscode.json-language-features, startup: false, activationEvent: 'onLanguage:jsonc'
[2022-08-14 17:01:20.549] [exthost] [info] ExtensionService#_doActivateExtension vscode.typescript-language-features, startup: false, activationEvent: 'onLanguage:jsonc'
[2022-08-14 17:01:21.803] [exthost] [warning] [Decorations] CAPPING events from decorations provider vscode.git 308
[2022-08-14 17:01:34.358] [exthost] [warning] [Decorations] CAPPING events from decorations provider vscode.git 479
[2022-08-14 17:01:37.114] [exthost] [info] ExtensionService#_doActivateExtension KnisterPeter.vscode-github, startup: false, activationEvent: '*'
[2022-08-14 17:01:39.383] [exthost] [warning] [Decorations] CAPPING events from decorations provider vscode.git 516
[2022-08-14 17:01:44.401] [exthost] [warning] [Decorations] CAPPING events from decorations provider vscode.git 521
[2022-08-14 17:01:52.200] [exthost] [warning] [Decorations] CAPPING events from decorations provider vscode.git 656
[2022-08-14 17:01:57.389] [exthost] [warning] [Decorations] CAPPING events from decorations provider vscode.git 656
[2022-08-14 17:02:02.409] [exthost] [warning] [Decorations] CAPPING events from decorations provider vscode.git 657
[2022-08-14 17:02:07.431] [exthost] [warning] [Decorations] CAPPING events from decorations provider vscode.git 658
[2022-08-14 17:02:12.455] [exthost] [warning] [Decorations] CAPPING events from decorations provider vscode.git 658
[2022-08-14 17:02:17.472] [exthost] [warning] [Decorations] CAPPING events from decorations provider vscode.git 660
[2022-08-14 17:02:22.491] [exthost] [warning] [Decorations] CAPPING events from decorations provider vscode.git 660
[2022-08-14 17:02:27.513] [exthost] [warning] [Decorations] CAPPING events from decorations provider vscode.git 660
[2022-08-14 17:02:32.532] [exthost] [warning] [Decorations] CAPPING events from decorations provider vscode.git 661
[2022-08-14 17:02:36.710] [exthost] [info] Extension host terminating: received terminate message from renderer
[2022-08-14 17:02:36.720] [exthost] [info] Extension host with pid 26729 exiting with code 0
