[2022-08-14T15:01:04.600Z] Log level: Info
[2022-08-14T15:01:04.601Z] [info] Validating found git in: git
[2022-08-14T15:01:04.606Z] [info] Using git 2.35.1 from git
[2022-08-14T15:01:04.612Z] > git rev-parse --show-toplevel [1ms]
[2022-08-14T15:01:04.619Z] > git rev-parse --git-dir --git-common-dir [3ms]
[2022-08-14T15:01:04.622Z] [info] Open repository: /home/adis/.config
[2022-08-14T15:01:04.627Z] > git status -z -uall [2ms]
[2022-08-14T15:01:04.629Z] > git symbolic-ref --short HEAD [0ms]
[2022-08-14T15:01:04.632Z] > git for-each-ref --format=%(refname)%00%(upstream:short)%00%(objectname)%00%(upstream:track)%00%(upstream:remotename)%00%(upstream:remoteref) refs/heads/main refs/remotes/main [1ms]
[2022-08-14T15:01:04.637Z] > git remote --verbose [1ms]
[2022-08-14T15:01:04.637Z] > git for-each-ref --sort -committerdate --format %(refname) %(objectname) %(*objectname) [3ms]
[2022-08-14T15:01:04.645Z] > git config --get commit.template [0ms]
[2022-08-14T15:01:04.649Z] > git status -z -uall [1ms]
[2022-08-14T15:01:04.651Z] > git symbolic-ref --short HEAD [0ms]
[2022-08-14T15:01:04.658Z] > git for-each-ref --format=%(refname)%00%(upstream:short)%00%(objectname)%00%(upstream:track)%00%(upstream:remotename)%00%(upstream:remoteref) refs/heads/main refs/remotes/main [4ms]
[2022-08-14T15:01:04.662Z] > git for-each-ref --sort -committerdate --format %(refname) %(objectname) %(*objectname) [2ms]
[2022-08-14T15:01:04.662Z] > git remote --verbose [1ms]
[2022-08-14T15:01:04.667Z] > git config --get commit.template [1ms]
[2022-08-14T15:01:05.140Z] > git check-ignore -v -z --stdin [1ms]
[2022-08-14T15:01:06.858Z] > git check-ignore -v -z --stdin [1ms]
[2022-08-14T15:01:06.879Z] > git status -z -uall [1ms]
[2022-08-14T15:01:06.881Z] > git symbolic-ref --short HEAD [0ms]
[2022-08-14T15:01:06.884Z] > git for-each-ref --format=%(refname)%00%(upstream:short)%00%(objectname)%00%(upstream:track)%00%(upstream:remotename)%00%(upstream:remoteref) refs/heads/main refs/remotes/main [1ms]
[2022-08-14T15:01:06.887Z] > git for-each-ref --sort -committerdate --format %(refname) %(objectname) %(*objectname) [2ms]
[2022-08-14T15:01:06.887Z] > git remote --verbose [1ms]
[2022-08-14T15:01:06.892Z] > git config --get commit.template [1ms]
[2022-08-14T15:01:11.895Z] > git status -z -uall [1ms]
[2022-08-14T15:01:11.897Z] > git symbolic-ref --short HEAD [0ms]
[2022-08-14T15:01:11.899Z] > git for-each-ref --format=%(refname)%00%(upstream:short)%00%(objectname)%00%(upstream:track)%00%(upstream:remotename)%00%(upstream:remoteref) refs/heads/main refs/remotes/main [1ms]
[2022-08-14T15:01:11.901Z] > git for-each-ref --sort -committerdate --format %(refname) %(objectname) %(*objectname) [1ms]
[2022-08-14T15:01:11.902Z] > git remote --verbose [1ms]
[2022-08-14T15:01:11.906Z] > git config --get commit.template [1ms]
[2022-08-14T15:01:21.794Z] > git status -z -uall [1ms]
[2022-08-14T15:01:21.796Z] > git symbolic-ref --short HEAD [1ms]
[2022-08-14T15:01:21.797Z] > git for-each-ref --format=%(refname)%00%(upstream:short)%00%(objectname)%00%(upstream:track)%00%(upstream:remotename)%00%(upstream:remoteref) refs/heads/main refs/remotes/main [0ms]
[2022-08-14T15:01:21.800Z] > git for-each-ref --sort -committerdate --format %(refname) %(objectname) %(*objectname) [1ms]
[2022-08-14T15:01:21.801Z] > git remote --verbose [1ms]
[2022-08-14T15:01:21.809Z] > git config --get commit.template [1ms]
[2022-08-14T15:01:27.565Z] > git check-ignore -v -z --stdin [2ms]
[2022-08-14T15:01:34.341Z] > git status -z -uall [2ms]
[2022-08-14T15:01:34.344Z] > git symbolic-ref --short HEAD [1ms]
[2022-08-14T15:01:34.347Z] > git for-each-ref --format=%(refname)%00%(upstream:short)%00%(objectname)%00%(upstream:track)%00%(upstream:remotename)%00%(upstream:remoteref) refs/heads/main refs/remotes/main [1ms]
[2022-08-14T15:01:34.352Z] > git remote --verbose [1ms]
[2022-08-14T15:01:34.352Z] > git for-each-ref --sort -committerdate --format %(refname) %(objectname) %(*objectname) [3ms]
[2022-08-14T15:01:34.366Z] > git config --get commit.template [5ms]
[2022-08-14T15:01:39.370Z] > git status -z -uall [1ms]
[2022-08-14T15:01:39.372Z] > git symbolic-ref --short HEAD [0ms]
[2022-08-14T15:01:39.375Z] > git for-each-ref --format=%(refname)%00%(upstream:short)%00%(objectname)%00%(upstream:track)%00%(upstream:remotename)%00%(upstream:remoteref) refs/heads/main refs/remotes/main [1ms]
[2022-08-14T15:01:39.378Z] > git for-each-ref --sort -committerdate --format %(refname) %(objectname) %(*objectname) [1ms]
[2022-08-14T15:01:39.379Z] > git remote --verbose [1ms]
[2022-08-14T15:01:39.386Z] > git config --get commit.template [0ms]
[2022-08-14T15:01:44.390Z] > git status -z -uall [1ms]
[2022-08-14T15:01:44.392Z] > git symbolic-ref --short HEAD [0ms]
[2022-08-14T15:01:44.394Z] > git for-each-ref --format=%(refname)%00%(upstream:short)%00%(objectname)%00%(upstream:track)%00%(upstream:remotename)%00%(upstream:remoteref) refs/heads/main refs/remotes/main [0ms]
[2022-08-14T15:01:44.398Z] > git for-each-ref --sort -committerdate --format %(refname) %(objectname) %(*objectname) [2ms]
[2022-08-14T15:01:44.398Z] > git remote --verbose [1ms]
[2022-08-14T15:01:44.404Z] > git config --get commit.template [1ms]
[2022-08-14T15:01:52.187Z] > git status -z -uall [1ms]
[2022-08-14T15:01:52.190Z] > git symbolic-ref --short HEAD [1ms]
[2022-08-14T15:01:52.192Z] > git for-each-ref --format=%(refname)%00%(upstream:short)%00%(objectname)%00%(upstream:track)%00%(upstream:remotename)%00%(upstream:remoteref) refs/heads/main refs/remotes/main [0ms]
[2022-08-14T15:01:52.196Z] > git for-each-ref --sort -committerdate --format %(refname) %(objectname) %(*objectname) [2ms]
[2022-08-14T15:01:52.196Z] > git remote --verbose [0ms]
[2022-08-14T15:01:52.203Z] > git config --get commit.template [0ms]
[2022-08-14T15:01:54.261Z] > git show --textconv :i3/config [2ms]
[2022-08-14T15:01:54.262Z] > git ls-files --stage -- /home/adis/.config/i3/config [1ms]
[2022-08-14T15:01:54.264Z] > git cat-file -s 2fef9db642ee5cbe985a74f1394eb4ff0c6f21c1 [1ms]
[2022-08-14T15:01:54.690Z] > git ls-files --stage -- /home/adis/.config/i3/configbak [1ms]
[2022-08-14T15:01:54.696Z] > git cat-file -s 3d9773e7237133c37edb78cf4e8e58ea80befc85 [5ms]
[2022-08-14T15:01:54.696Z] > git show --textconv :i3/configbak [8ms]
[2022-08-14T15:01:57.375Z] > git status -z -uall [2ms]
[2022-08-14T15:01:57.377Z] > git symbolic-ref --short HEAD [0ms]
[2022-08-14T15:01:57.380Z] > git for-each-ref --format=%(refname)%00%(upstream:short)%00%(objectname)%00%(upstream:track)%00%(upstream:remotename)%00%(upstream:remoteref) refs/heads/main refs/remotes/main [1ms]
[2022-08-14T15:01:57.384Z] > git for-each-ref --sort -committerdate --format %(refname) %(objectname) %(*objectname) [2ms]
[2022-08-14T15:01:57.385Z] > git remote --verbose [1ms]
[2022-08-14T15:01:57.392Z] > git config --get commit.template [1ms]
[2022-08-14T15:02:02.396Z] > git status -z -uall [2ms]
[2022-08-14T15:02:02.398Z] > git symbolic-ref --short HEAD [0ms]
[2022-08-14T15:02:02.401Z] > git for-each-ref --format=%(refname)%00%(upstream:short)%00%(objectname)%00%(upstream:track)%00%(upstream:remotename)%00%(upstream:remoteref) refs/heads/main refs/remotes/main [1ms]
[2022-08-14T15:02:02.405Z] > git for-each-ref --sort -committerdate --format %(refname) %(objectname) %(*objectname) [3ms]
[2022-08-14T15:02:02.405Z] > git remote --verbose [0ms]
[2022-08-14T15:02:02.412Z] > git config --get commit.template [0ms]
[2022-08-14T15:02:07.416Z] > git status -z -uall [2ms]
[2022-08-14T15:02:07.419Z] > git symbolic-ref --short HEAD [1ms]
[2022-08-14T15:02:07.422Z] > git for-each-ref --format=%(refname)%00%(upstream:short)%00%(objectname)%00%(upstream:track)%00%(upstream:remotename)%00%(upstream:remoteref) refs/heads/main refs/remotes/main [1ms]
[2022-08-14T15:02:07.426Z] > git for-each-ref --sort -committerdate --format %(refname) %(objectname) %(*objectname) [2ms]
[2022-08-14T15:02:07.426Z] > git remote --verbose [0ms]
[2022-08-14T15:02:07.439Z] > git config --get commit.template [5ms]
[2022-08-14T15:02:12.444Z] > git status -z -uall [2ms]
[2022-08-14T15:02:12.446Z] > git symbolic-ref --short HEAD [0ms]
[2022-08-14T15:02:12.448Z] > git for-each-ref --format=%(refname)%00%(upstream:short)%00%(objectname)%00%(upstream:track)%00%(upstream:remotename)%00%(upstream:remoteref) refs/heads/main refs/remotes/main [0ms]
[2022-08-14T15:02:12.452Z] > git for-each-ref --sort -committerdate --format %(refname) %(objectname) %(*objectname) [2ms]
[2022-08-14T15:02:12.452Z] > git remote --verbose [1ms]
[2022-08-14T15:02:12.458Z] > git config --get commit.template [0ms]
[2022-08-14T15:02:16.493Z] > git check-ignore -v -z --stdin [1ms]
[2022-08-14T15:02:17.462Z] > git status -z -uall [2ms]
[2022-08-14T15:02:17.464Z] > git symbolic-ref --short HEAD [0ms]
[2022-08-14T15:02:17.466Z] > git for-each-ref --format=%(refname)%00%(upstream:short)%00%(objectname)%00%(upstream:track)%00%(upstream:remotename)%00%(upstream:remoteref) refs/heads/main refs/remotes/main [0ms]
[2022-08-14T15:02:17.469Z] > git for-each-ref --sort -committerdate --format %(refname) %(objectname) %(*objectname) [1ms]
[2022-08-14T15:02:17.469Z] > git remote --verbose [0ms]
[2022-08-14T15:02:17.476Z] > git config --get commit.template [0ms]
[2022-08-14T15:02:18.104Z] > git show --textconv :i3/config [2ms]
[2022-08-14T15:02:18.104Z] > git ls-files --stage -- /home/adis/.config/i3/config [0ms]
[2022-08-14T15:02:18.106Z] > git cat-file -s 2fef9db642ee5cbe985a74f1394eb4ff0c6f21c1 [0ms]
[2022-08-14T15:02:22.479Z] > git status -z -uall [1ms]
[2022-08-14T15:02:22.482Z] > git symbolic-ref --short HEAD [1ms]
[2022-08-14T15:02:22.484Z] > git for-each-ref --format=%(refname)%00%(upstream:short)%00%(objectname)%00%(upstream:track)%00%(upstream:remotename)%00%(upstream:remoteref) refs/heads/main refs/remotes/main [1ms]
[2022-08-14T15:02:22.488Z] > git for-each-ref --sort -committerdate --format %(refname) %(objectname) %(*objectname) [2ms]
[2022-08-14T15:02:22.488Z] > git remote --verbose [1ms]
[2022-08-14T15:02:22.497Z] > git config --get commit.template [2ms]
[2022-08-14T15:02:27.501Z] > git status -z -uall [2ms]
[2022-08-14T15:02:27.503Z] > git symbolic-ref --short HEAD [0ms]
[2022-08-14T15:02:27.505Z] > git for-each-ref --format=%(refname)%00%(upstream:short)%00%(objectname)%00%(upstream:track)%00%(upstream:remotename)%00%(upstream:remoteref) refs/heads/main refs/remotes/main [0ms]
[2022-08-14T15:02:27.509Z] > git for-each-ref --sort -committerdate --format %(refname) %(objectname) %(*objectname) [2ms]
[2022-08-14T15:02:27.509Z] > git remote --verbose [1ms]
[2022-08-14T15:02:27.516Z] > git config --get commit.template [1ms]
[2022-08-14T15:02:32.521Z] > git status -z -uall [2ms]
[2022-08-14T15:02:32.523Z] > git symbolic-ref --short HEAD [1ms]
[2022-08-14T15:02:32.525Z] > git for-each-ref --format=%(refname)%00%(upstream:short)%00%(objectname)%00%(upstream:track)%00%(upstream:remotename)%00%(upstream:remoteref) refs/heads/main refs/remotes/main [1ms]
[2022-08-14T15:02:32.529Z] > git for-each-ref --sort -committerdate --format %(refname) %(objectname) %(*objectname) [1ms]
[2022-08-14T15:02:32.529Z] > git remote --verbose [1ms]
[2022-08-14T15:02:32.535Z] > git config --get commit.template [1ms]
